InnoDB: using atomic writes.
2020-05-04 23:20:44 0 [Note] InnoDB: The first innodb_system data file 'ibdata1' did not exist. A new tablespace will be created!
2020-05-04 23:20:44 0 [Note] InnoDB: Mutexes and rw_locks use Windows interlocked functions
2020-05-04 23:20:44 0 [Note] InnoDB: Uses event mutexes
2020-05-04 23:20:44 0 [Note] InnoDB: Compressed tables use zlib 1.2.11
2020-05-04 23:20:44 0 [Note] InnoDB: Number of pools: 1
2020-05-04 23:20:44 0 [Note] InnoDB: Using SSE2 crc32 instructions
2020-05-04 23:20:44 0 [Note] InnoDB: Initializing buffer pool, total size = 134217728, chunk size = 134217728
2020-05-04 23:20:44 0 [Note] InnoDB: Completed initialization of buffer pool
2020-05-04 23:20:44 0 [Note] InnoDB: Setting file '.\ibdata1' size to 12 MB. Physically writing the file full; Please wait ...
2020-05-04 23:20:44 0 [Note] InnoDB: File '.\ibdata1' size is now 12 MB.
2020-05-04 23:20:44 0 [Note] InnoDB: Setting log file .\ib_logfile101 size to 100663296 bytes
2020-05-04 23:20:44 0 [Note] InnoDB: Renaming log file .\ib_logfile101 to .\ib_logfile0
2020-05-04 23:20:44 0 [Note] InnoDB: New log file created, LSN=10312
2020-05-04 23:20:44 0 [Note] InnoDB: Doublewrite buffer not found: creating new
2020-05-04 23:20:44 0 [Note] InnoDB: Doublewrite buffer created
2020-05-04 23:20:44 0 [Note] InnoDB: 128 rollback segments are active.
2020-05-04 23:20:44 0 [Note] InnoDB: Creating foreign key constraint system tables.
2020-05-04 23:20:44 0 [Note] InnoDB: Creating tablespace and datafile system tables.
2020-05-04 23:20:44 0 [Note] InnoDB: Creating sys_virtual system tables.
2020-05-04 23:20:44 0 [Note] InnoDB: Creating shared tablespace for temporary tables
2020-05-04 23:20:44 0 [Note] InnoDB: Setting file '.\ibtmp1' size to 12 MB. Physically writing the file full; Please wait ...
2020-05-04 23:20:44 0 [Note] InnoDB: File '.\ibtmp1' size is now 12 MB.
2020-05-04 23:20:44 0 [Note] InnoDB: 10.5.2 started; log sequence number 0; transaction id 7
2020-05-04 23:20:44 0 [Note] Plugin 'FEEDBACK' is disabled.
InnoDB: using atomic writes.
2020-05-04 23:21:37 0 [Note] InnoDB: Mutexes and rw_locks use Windows interlocked functions
2020-05-04 23:21:37 0 [Note] InnoDB: Uses event mutexes
2020-05-04 23:21:37 0 [Note] InnoDB: Compressed tables use zlib 1.2.11
2020-05-04 23:21:37 0 [Note] InnoDB: Number of pools: 1
2020-05-04 23:21:37 0 [Note] InnoDB: Using SSE2 crc32 instructions
2020-05-04 23:21:37 0 [Note] InnoDB: Initializing buffer pool, total size = 134217728, chunk size = 134217728
2020-05-04 23:21:37 0 [Note] InnoDB: Completed initialization of buffer pool
2020-05-04 23:21:37 0 [Note] InnoDB: 128 rollback segments are active.
2020-05-04 23:21:37 0 [Note] InnoDB: Creating shared tablespace for temporary tables
2020-05-04 23:21:37 0 [Note] InnoDB: Setting file '.\ibtmp1' size to 12 MB. Physically writing the file full; Please wait ...
2020-05-04 23:21:37 0 [Note] InnoDB: File '.\ibtmp1' size is now 12 MB.
2020-05-04 23:21:37 0 [Note] InnoDB: 10.5.2 started; log sequence number 45041; transaction id 21
2020-05-04 23:21:37 0 [Note] Plugin 'FEEDBACK' is disabled.
2020-05-04 23:21:37 0 [Note] InnoDB: Loading buffer pool(s) from C:\Users\choch\Desktop\apache-tomcat-8.5.53\webapps\SS-TP1\WEB-INF\database2\mariadb-10.5.2-winx64\data\ib_buffer_pool
2020-05-04 23:21:37 0 [Note] InnoDB: Buffer pool(s) load completed at 200504 23:21:37
InnoDB: using atomic writes.
2020-05-04 23:23:05 0 [Note] InnoDB: Mutexes and rw_locks use Windows interlocked functions
2020-05-04 23:23:05 0 [Note] InnoDB: Uses event mutexes
2020-05-04 23:23:05 0 [Note] InnoDB: Compressed tables use zlib 1.2.11
2020-05-04 23:23:05 0 [Note] InnoDB: Number of pools: 1
2020-05-04 23:23:05 0 [Note] InnoDB: Using SSE2 crc32 instructions
2020-05-04 23:23:05 0 [Note] InnoDB: Initializing buffer pool, total size = 134217728, chunk size = 134217728
2020-05-04 23:23:05 0 [Note] InnoDB: Completed initialization of buffer pool
2020-05-04 23:23:05 0 [Note] InnoDB: 128 rollback segments are active.
2020-05-04 23:23:05 0 [Note] InnoDB: Creating shared tablespace for temporary tables
2020-05-04 23:23:05 0 [Note] InnoDB: Setting file '.\ibtmp1' size to 12 MB. Physically writing the file full; Please wait ...
2020-05-04 23:23:05 0 [Note] InnoDB: File '.\ibtmp1' size is now 12 MB.
2020-05-04 23:23:05 0 [Note] InnoDB: 10.5.2 started; log sequence number 45081; transaction id 21
2020-05-04 23:23:05 0 [Note] Plugin 'FEEDBACK' is disabled.
2020-05-04 23:23:05 0 [Note] InnoDB: Loading buffer pool(s) from C:\Users\choch\Desktop\apache-tomcat-8.5.53\webapps\SS-TP1\WEB-INF\database2\mariadb-10.5.2-winx64\data\ib_buffer_pool
2020-05-04 23:23:05 0 [Note] Server socket created on IP: '::'.
2020-05-04 23:23:05 0 [Note] InnoDB: Buffer pool(s) load completed at 200504 23:23:05
2020-05-04 23:23:05 0 [Note] Reading of all Master_info entries succeeded
2020-05-04 23:23:05 0 [Note] Added new Master_info '' to hash table
2020-05-04 23:23:05 0 [Note] mysqld.exe: ready for connections.
Version: '10.5.2-MariaDB'  socket: ''  port: 3306  mariadb.org binary distribution
2020-05-04 23:27:35 3 [Warning] Access denied for user 'choch'@'localhost' (using password: NO)
2020-05-04 23:27:49 4 [Warning] Access denied for user 'root'@'localhost' (using password: NO)
2020-05-04 23:28:00 5 [Warning] Access denied for user 'choch'@'localhost' (using password: YES)
InnoDB: using atomic writes.
2020-05-04 23:31:22 0 [ERROR] InnoDB: The innodb_system data file 'ibdata1' must be writable
2020-05-04 23:31:22 0 [ERROR] InnoDB: The innodb_system data file 'ibdata1' must be writable
2020-05-04 23:31:22 0 [ERROR] Plugin 'InnoDB' init function returned error.
2020-05-04 23:31:22 0 [ERROR] Plugin 'InnoDB' registration as a STORAGE ENGINE failed.
2020-05-04 23:31:22 0 [Note] Plugin 'FEEDBACK' is disabled.
2020-05-04 23:31:22 0 [ERROR] Unknown/unsupported storage engine: InnoDB
2020-05-04 23:31:22 0 [ERROR] Aborting
2020-05-04 23:31:58 6 [Warning] Access denied for user 'choch'@'localhost' (using password: NO)
2020-05-04 23:32:30 7 [Warning] Access denied for user 'choch'@'localhost' (using password: YES)
2020-05-04 23:52:28 9 [Warning] Aborted connection 9 to db: 'unconnected' user: 'root' host: 'localhost' (Got an error reading communication packets)
2020-05-05  0:01:55 10 [Warning] Aborted connection 10 to db: 'unconnected' user: 'root' host: 'localhost' (Got an error reading communication packets)
2020-05-05  0:02:16 11 [Warning] Aborted connection 11 to db: 'unconnected' user: 'root' host: 'localhost' (Got an error reading communication packets)
2020-05-05  0:02:59 12 [Warning] Aborted connection 12 to db: 'unconnected' user: 'root' host: 'localhost' (Got an error reading communication packets)
2020-05-05  0:03:20 13 [Warning] Aborted connection 13 to db: 'unconnected' user: 'root' host: 'localhost' (Got an error reading communication packets)
2020-05-05  0:03:38 14 [Warning] Aborted connection 14 to db: 'unconnected' user: 'root' host: 'localhost' (Got an error reading communication packets)
2020-05-05  0:03:40 15 [Warning] Aborted connection 15 to db: 'unconnected' user: 'root' host: 'localhost' (Got an error reading communication packets)
2020-05-05  0:07:00 16 [Warning] Aborted connection 16 to db: 'unconnected' user: 'root' host: 'localhost' (Got an error reading communication packets)
2020-05-05  0:07:19 17 [Warning] Aborted connection 17 to db: 'unconnected' user: 'root' host: 'localhost' (Got an error reading communication packets)
2020-05-05  0:17:02 18 [Warning] Aborted connection 18 to db: 'unconnected' user: 'root' host: 'localhost' (Got an error reading communication packets)
2020-05-05  0:18:23 19 [Warning] Aborted connection 19 to db: 'unconnected' user: 'root' host: 'localhost' (Got an error reading communication packets)
2020-05-05  0:20:15 20 [Warning] Aborted connection 20 to db: 'authenticator' user: 'root' host: 'localhost' (Got an error reading communication packets)
2020-05-05  0:23:43 21 [Warning] Aborted connection 21 to db: 'authenticator' user: 'root' host: 'localhost' (Got an error reading communication packets)
2020-05-05  0:25:17 22 [Warning] Aborted connection 22 to db: 'authenticator' user: 'root' host: 'localhost' (Got an error reading communication packets)
2020-05-05  0:47:19 23 [Warning] Aborted connection 23 to db: 'authenticator' user: 'root' host: 'localhost' (Got an error reading communication packets)
2020-05-05  8:19:27 8 [Warning] Aborted connection 8 to db: 'authenticator' user: 'root' host: 'localhost' (Got timeout reading communication packets)
